<?xml version="1.0" encoding="UTF-8" ?>
<testsuite tests="25" failures="0" name="hellocuke.RunCucumberTest" time="0.444" errors="0" skipped="25">
  <properties>
    <property name="java.runtime.name" value="Java(TM) SE Runtime Environment"/>
    <property name="sun.boot.library.path" value="/Library/Java/JavaVirtualMachines/jdk1.8.0_181.jdk/Contents/Home/jre/lib"/>
    <property name="java.vm.version" value="25.181-b13"/>
    <property name="gopherProxySet" value="false"/>
    <property name="java.vm.vendor" value="Oracle Corporation"/>
    <property name="maven.multiModuleProjectDirectory" value="/IBM/dev/hellocuke"/>
    <property name="java.vendor.url" value="http://java.oracle.com/"/>
    <property name="path.separator" value=":"/>
    <property name="guice.disable.misplaced.annotation.check" value="true"/>
    <property name="java.vm.name" value="Java HotSpot(TM) 64-Bit Server VM"/>
    <property name="file.encoding.pkg" value="sun.io"/>
    <property name="user.country" value="US"/>
    <property name="sun.java.launcher" value="SUN_STANDARD"/>
    <property name="sun.os.patch.level" value="unknown"/>
    <property name="java.vm.specification.name" value="Java Virtual Machine Specification"/>
    <property name="user.dir" value="/IBM/dev/hellocuke"/>
    <property name="java.runtime.version" value="1.8.0_181-b13"/>
    <property name="java.awt.graphicsenv" value="sun.awt.CGraphicsEnvironment"/>
    <property name="java.endorsed.dirs" value="/Library/Java/JavaVirtualMachines/jdk1.8.0_181.jdk/Contents/Home/jre/lib/endorsed"/>
    <property name="os.arch" value="x86_64"/>
    <property name="java.io.tmpdir" value="/var/folders/p_/4jp9949s1s5g86fqrprvgpnm0000gn/T/"/>
    <property name="line.separator" value="
"/>
    <property name="java.vm.specification.vendor" value="Oracle Corporation"/>
    <property name="os.name" value="Mac OS X"/>
    <property name="classworlds.conf" value="/IBM/dev/apache-maven-3.6.2/bin/m2.conf"/>
    <property name="sun.jnu.encoding" value="UTF-8"/>
    <property name="java.library.path" value="/Users/crawford/Library/Java/Extensions:/Library/Java/Extensions:/Network/Library/Java/Extensions:/System/Library/Java/Extensions:/usr/lib/java:."/>
    <property name="maven.conf" value="/IBM/dev/apache-maven-3.6.2/conf"/>
    <property name="java.specification.name" value="Java Platform API Specification"/>
    <property name="java.class.version" value="52.0"/>
    <property name="sun.management.compiler" value="HotSpot 64-Bit Tiered Compilers"/>
    <property name="os.version" value="10.14.6"/>
    <property name="library.jansi.path" value="/IBM/dev/apache-maven-3.6.2/lib/jansi-native"/>
    <property name="user.home" value="/Users/crawford"/>
    <property name="user.timezone" value="America/New_York"/>
    <property name="java.awt.printerjob" value="sun.lwawt.macosx.CPrinterJob"/>
    <property name="java.specification.version" value="1.8"/>
    <property name="file.encoding" value="UTF-8"/>
    <property name="user.name" value="crawford"/>
    <property name="java.class.path" value="/IBM/dev/apache-maven-3.6.2/boot/plexus-classworlds-2.6.0.jar"/>
    <property name="java.vm.specification.version" value="1.8"/>
    <property name="sun.arch.data.model" value="64"/>
    <property name="java.home" value="/Library/Java/JavaVirtualMachines/jdk1.8.0_181.jdk/Contents/Home/jre"/>
    <property name="sun.java.command" value="org.codehaus.plexus.classworlds.launcher.Launcher test"/>
    <property name="java.specification.vendor" value="Oracle Corporation"/>
    <property name="user.language" value="en"/>
    <property name="awt.toolkit" value="sun.lwawt.macosx.LWCToolkit"/>
    <property name="java.vm.info" value="mixed mode"/>
    <property name="java.version" value="1.8.0_181"/>
    <property name="java.ext.dirs" value="/Users/crawford/Library/Java/Extensions:/Library/Java/JavaVirtualMachines/jdk1.8.0_181.jdk/Contents/Home/jre/lib/ext:/Library/Java/Extensions:/Network/Library/Java/Extensions:/System/Library/Java/Extensions:/usr/lib/java"/>
    <property name="sun.boot.class.path" value="/Library/Java/JavaVirtualMachines/jdk1.8.0_181.jdk/Contents/Home/jre/lib/resources.jar:/Library/Java/JavaVirtualMachines/jdk1.8.0_181.jdk/Contents/Home/jre/lib/rt.jar:/Library/Java/JavaVirtualMachines/jdk1.8.0_181.jdk/Contents/Home/jre/lib/sunrsasign.jar:/Library/Java/JavaVirtualMachines/jdk1.8.0_181.jdk/Contents/Home/jre/lib/jsse.jar:/Library/Java/JavaVirtualMachines/jdk1.8.0_181.jdk/Contents/Home/jre/lib/jce.jar:/Library/Java/JavaVirtualMachines/jdk1.8.0_181.jdk/Contents/Home/jre/lib/charsets.jar:/Library/Java/JavaVirtualMachines/jdk1.8.0_181.jdk/Contents/Home/jre/lib/jfr.jar:/Library/Java/JavaVirtualMachines/jdk1.8.0_181.jdk/Contents/Home/jre/classes"/>
    <property name="java.vendor" value="Oracle Corporation"/>
    <property name="maven.home" value="/IBM/dev/apache-maven-3.6.2"/>
    <property name="file.separator" value="/"/>
    <property name="java.vendor.url.bug" value="http://bugreport.sun.com/bugreport/"/>
    <property name="sun.cpu.endian" value="little"/>
    <property name="sun.io.unicode.encoding" value="UnicodeBig"/>
    <property name="sun.cpu.isalist" value=""/>
  </properties>
  <testcase classname="Frequent flier status" name="Earning extra points by Frequent Flyer status" time="0.025">
    <skipped/>
    <system-out>Feature: Frequent flier status
    The currency fliers care most about

  Scenario Outline: Earning extra points by Frequent Flyer status &amp;#27;[90m# hellocuke/frequentflier.feature:4&amp;#27;[0m
    &amp;#27;[36mGiven I am a &lt;status&gt; Frequent Flyer member&amp;#27;[0m
    &amp;#27;[36mWhen I fly on a flight that is worth &lt;base&gt; base points&amp;#27;[0m
    &amp;#27;[36mThen I should earn a status bonus of &lt;bonus&gt;&amp;#27;[0m
    &amp;#27;[36mAnd I should have guaranteed minimum points of &lt;minimum&gt;&amp;#27;[0m
    &amp;#27;[36mAnd I should earn &lt;total&gt; points in all&amp;#27;[0m

    Examples: 

  Scenario Outline: Earning extra points by Frequent Flyer status &amp;#27;[90m# hellocuke/frequentflier.feature:13&amp;#27;[0m
    &amp;#27;[33mGiven &amp;#27;[0m&amp;#27;[33mI am a Standard Frequent Flyer member&amp;#27;[0m                   &amp;#27;[90m# null&amp;#27;[0m
    &amp;#27;[33mWhen &amp;#27;[0m&amp;#27;[33mI fly on a flight that is worth 439 base points&amp;#27;[0m          &amp;#27;[90m# null&amp;#27;[0m
    &amp;#27;[33mThen &amp;#27;[0m&amp;#27;[33mI should earn a status bonus of 0&amp;#27;[0m                        &amp;#27;[90m# null&amp;#27;[0m
    &amp;#27;[33mAnd &amp;#27;[0m&amp;#27;[33mI should have guaranteed minimum points of 0&amp;#27;[0m              &amp;#27;[90m# null&amp;#27;[0m
    &amp;#27;[33mAnd &amp;#27;[0m&amp;#27;[33mI should earn 439 points in all&amp;#27;[0m                           &amp;#27;[90m# null&amp;#27;[0m
</system-out>
  </testcase>
  <testcase classname="Frequent flier status" name="Earning extra points by Frequent Flyer status" time="0.025">
    <skipped/>
  </testcase>
  <testcase classname="Frequent flier status" name="Earning extra points by Frequent Flyer status" time="0.025">
    <skipped/>
  </testcase>
  <testcase classname="Frequent flier status" name="Earning extra points by Frequent Flyer status" time="0.025">
    <skipped/>
  </testcase>
  <testcase classname="Frequent flier status" name="Earning extra points by Frequent Flyer status" time="0.025">
    <skipped/>
  </testcase>
  <testcase classname="Frequent flier status" name="Earning extra points by Frequent Flyer status" time="0.028">
    <skipped/>
    <system-out>
  Scenario Outline: Earning extra points by Frequent Flyer status &amp;#27;[90m# hellocuke/frequentflier.feature:14&amp;#27;[0m
    &amp;#27;[33mGiven &amp;#27;[0m&amp;#27;[33mI am a Silver Frequent Flyer member&amp;#27;[0m                     &amp;#27;[90m# null&amp;#27;[0m
    &amp;#27;[33mWhen &amp;#27;[0m&amp;#27;[33mI fly on a flight that is worth 148 base points&amp;#27;[0m          &amp;#27;[90m# null&amp;#27;[0m
    &amp;#27;[33mThen &amp;#27;[0m&amp;#27;[33mI should earn a status bonus of 74&amp;#27;[0m                       &amp;#27;[90m# null&amp;#27;[0m
    &amp;#27;[33mAnd &amp;#27;[0m&amp;#27;[33mI should have guaranteed minimum points of 500&amp;#27;[0m            &amp;#27;[90m# null&amp;#27;[0m
    &amp;#27;[33mAnd &amp;#27;[0m&amp;#27;[33mI should earn 500 points in all&amp;#27;[0m                           &amp;#27;[90m# null&amp;#27;[0m
</system-out>
  </testcase>
  <testcase classname="Frequent flier status" name="Earning extra points by Frequent Flyer status" time="0.028">
    <skipped/>
  </testcase>
  <testcase classname="Frequent flier status" name="Earning extra points by Frequent Flyer status" time="0.029">
    <skipped/>
  </testcase>
  <testcase classname="Frequent flier status" name="Earning extra points by Frequent Flyer status" time="0.029">
    <skipped/>
  </testcase>
  <testcase classname="Frequent flier status" name="Earning extra points by Frequent Flyer status" time="0.029">
    <skipped/>
  </testcase>
  <testcase classname="Frequent flier status" name="Earning extra points by Frequent Flyer status" time="0.005">
    <skipped/>
    <system-out>
  Scenario Outline: Earning extra points by Frequent Flyer status &amp;#27;[90m# hellocuke/frequentflier.feature:15&amp;#27;[0m
    &amp;#27;[33mGiven &amp;#27;[0m&amp;#27;[33mI am a Silver Frequent Flyer member&amp;#27;[0m                     &amp;#27;[90m# null&amp;#27;[0m
    &amp;#27;[33mWhen &amp;#27;[0m&amp;#27;[33mI fly on a flight that is worth 439 base points&amp;#27;[0m          &amp;#27;[90m# null&amp;#27;[0m
    &amp;#27;[33mThen &amp;#27;[0m&amp;#27;[33mI should earn a status bonus of 220&amp;#27;[0m                      &amp;#27;[90m# null&amp;#27;[0m
    &amp;#27;[33mAnd &amp;#27;[0m&amp;#27;[33mI should have guaranteed minimum points of 500&amp;#27;[0m            &amp;#27;[90m# null&amp;#27;[0m
    &amp;#27;[33mAnd &amp;#27;[0m&amp;#27;[33mI should earn 659 points in all&amp;#27;[0m                           &amp;#27;[90m# null&amp;#27;[0m
</system-out>
  </testcase>
  <testcase classname="Frequent flier status" name="Earning extra points by Frequent Flyer status" time="0.005">
    <skipped/>
  </testcase>
  <testcase classname="Frequent flier status" name="Earning extra points by Frequent Flyer status" time="0.005">
    <skipped/>
  </testcase>
  <testcase classname="Frequent flier status" name="Earning extra points by Frequent Flyer status" time="0.006">
    <skipped/>
  </testcase>
  <testcase classname="Frequent flier status" name="Earning extra points by Frequent Flyer status" time="0.006">
    <skipped/>
  </testcase>
  <testcase classname="Frequent flier status" name="Earning extra points by Frequent Flyer status" time="0.01">
    <skipped/>
    <system-out>
  Scenario Outline: Earning extra points by Frequent Flyer status &amp;#27;[90m# hellocuke/frequentflier.feature:16&amp;#27;[0m
    &amp;#27;[33mGiven &amp;#27;[0m&amp;#27;[33mI am a Gold Frequent Flyer member&amp;#27;[0m                       &amp;#27;[90m# null&amp;#27;[0m
    &amp;#27;[33mWhen &amp;#27;[0m&amp;#27;[33mI fly on a flight that is worth 439 base points&amp;#27;[0m          &amp;#27;[90m# null&amp;#27;[0m
    &amp;#27;[33mThen &amp;#27;[0m&amp;#27;[33mI should earn a status bonus of 329&amp;#27;[0m                      &amp;#27;[90m# null&amp;#27;[0m
    &amp;#27;[33mAnd &amp;#27;[0m&amp;#27;[33mI should have guaranteed minimum points of 1000&amp;#27;[0m           &amp;#27;[90m# null&amp;#27;[0m
    &amp;#27;[33mAnd &amp;#27;[0m&amp;#27;[33mI should earn 1000 points in all&amp;#27;[0m                          &amp;#27;[90m# null&amp;#27;[0m
</system-out>
  </testcase>
  <testcase classname="Frequent flier status" name="Earning extra points by Frequent Flyer status" time="0.01">
    <skipped/>
  </testcase>
  <testcase classname="Frequent flier status" name="Earning extra points by Frequent Flyer status" time="0.021">
    <skipped/>
  </testcase>
  <testcase classname="Frequent flier status" name="Earning extra points by Frequent Flyer status" time="0.021">
    <skipped/>
  </testcase>
  <testcase classname="Frequent flier status" name="Earning extra points by Frequent Flyer status" time="0.021">
    <skipped/>
  </testcase>
  <testcase classname="Frequent flier status" name="Earning extra points by Frequent Flyer status" time="0.012">
    <skipped/>
    <system-out>
  Scenario Outline: Earning extra points by Frequent Flyer status &amp;#27;[90m# hellocuke/frequentflier.feature:17&amp;#27;[0m
    &amp;#27;[33mGiven &amp;#27;[0m&amp;#27;[33mI am a Gold Frequent Flyer member&amp;#27;[0m                       &amp;#27;[90m# null&amp;#27;[0m
    &amp;#27;[33mWhen &amp;#27;[0m&amp;#27;[33mI fly on a flight that is worth 2041 base points&amp;#27;[0m         &amp;#27;[90m# null&amp;#27;[0m
    &amp;#27;[33mThen &amp;#27;[0m&amp;#27;[33mI should earn a status bonus of 1531&amp;#27;[0m                     &amp;#27;[90m# null&amp;#27;[0m
    &amp;#27;[33mAnd &amp;#27;[0m&amp;#27;[33mI should have guaranteed minimum points of 1000&amp;#27;[0m           &amp;#27;[90m# null&amp;#27;[0m
    &amp;#27;[33mAnd &amp;#27;[0m&amp;#27;[33mI should earn 3572 points in all&amp;#27;[0m                          &amp;#27;[90m# null&amp;#27;[0m
</system-out>
  </testcase>
  <testcase classname="Frequent flier status" name="Earning extra points by Frequent Flyer status" time="0.013">
    <skipped/>
  </testcase>
  <testcase classname="Frequent flier status" name="Earning extra points by Frequent Flyer status" time="0.013">
    <skipped/>
  </testcase>
  <testcase classname="Frequent flier status" name="Earning extra points by Frequent Flyer status" time="0.014">
    <skipped/>
  </testcase>
  <testcase classname="Frequent flier status" name="Earning extra points by Frequent Flyer status" time="0.014">
    <skipped/>
  </testcase>
</testsuite>